[2024-07-24T07:25:28.293+0000] {manager.py:487} INFO - Processing files using up to 2 processes at a time 
[2024-07-24T07:25:28.304+0000] {manager.py:488} INFO - Process each file at most once every 30 seconds
[2024-07-24T07:25:28.309+0000] {manager.py:489} INFO - Checking for new files in /opt/airflow/dags every 300 seconds
[2024-07-24T07:25:28.328+0000] {manager.py:755} INFO - Searching for files in /opt/airflow/dags
[2024-07-24T07:25:28.354+0000] {manager.py:758} INFO - There are 0 files in /opt/airflow/dags
[2024-07-24T07:30:29.288+0000] {manager.py:755} INFO - Searching for files in /opt/airflow/dags
[2024-07-24T07:30:29.301+0000] {manager.py:758} INFO - There are 0 files in /opt/airflow/dags
[2024-07-25T20:01:37.576+0000] {manager.py:487} INFO - Processing files using up to 2 processes at a time 
[2024-07-25T20:01:37.583+0000] {manager.py:488} INFO - Process each file at most once every 30 seconds
[2024-07-25T20:01:37.594+0000] {manager.py:489} INFO - Checking for new files in /opt/airflow/dags every 300 seconds
[2024-07-25T20:01:37.596+0000] {manager.py:755} INFO - Searching for files in /opt/airflow/dags
[2024-07-25T20:01:37.605+0000] {manager.py:758} INFO - There are 1 files in /opt/airflow/dags
[2024-07-25T20:01:41.050+0000] {manager.py:887} INFO - 
================================================================================
DAG File Processing Stats

File Path                        PID    Runtime      # DAGs    # Errors  Last Runtime    Last Run
-------------------------------  -----  ---------  --------  ----------  --------------  -------------------
/opt/airflow/dags/reddit_dag.py                           0           1  0.23s           2024-07-25T20:01:37
================================================================================
[2024-07-25T20:01:42.321+0000] {manager.py:469} INFO - Exiting gracefully upon receiving signal 15
